<?xml version="1.0" encoding="UTF-8"?>
<testng-results ignored="0" total="1" passed="1" failed="0" skipped="0">
  <reporter-output>
  </reporter-output>
  <suite started-at="2023-06-27T12:08:55 IST" name="Suite" finished-at="2023-06-27T12:09:10 IST" duration-ms="14735">
    <groups>
    </groups>
    <test started-at="2023-06-27T12:08:55 IST" name="Test" finished-at="2023-06-27T12:09:10 IST" duration-ms="14735">
      <class name="Task.Check_India">
        <test-method signature="check()[pri:0, instance:Task.Check_India@942a29c]" started-at="2023-06-27T12:08:55 IST" name="check" finished-at="2023-06-27T12:09:10 IST" duration-ms="14713" status="PASS">
          <reporter-output>
          </reporter-output>
        </test-method> <!-- check -->
      </class> <!-- Task.Check_India -->
    </test> <!-- Test -->
  </suite> <!-- Suite -->
</testng-results>
